 MCCCS Towhee - Version 8.2.1   (September 28 2020) 
 Copyright (C) <2020> Marcus G. Martin
 Code Contributors for 2020: Marcus G. Martin;
 Copyright (C) <2019> Marcus G. Martin
 Code Contributors for 2019: Marcus G. Martin;
 Copyright (C) <2018> Marcus G. Martin
 Code Contributors for 2018: Marcus G. Martin;
 Copyright (C) <2017> Marcus G. Martin
 Code Contributors for 2017: Marcus G. Martin;
 Copyright (C) <2016> Marcus G. Martin
 Code Contributors for 2016: Marcus G. Martin;
 Copyright (C) <2015> Marcus G. Martin
 Code Contributors for 2015: Marcus G. Martin;
 Copyright (C) <2014> Marcus G. Martin
 Code Contributors for 2014: Marcus G. Martin;
 Copyright (C) <2013> Marcus G. Martin
 Code Contributors for 2013: Wesley Emeneker; Marcus G. Martin;
 Copyright (C) <2012> Marcus G. Martin
 Code Contributors for 2012: Marcus G. Martin;
 Copyright (C) <2011> Marcus G. Martin
 Code Contributors for 2011: Fred James; Marcus G. Martin; Suleiman Oloriegbe;
 Copyright (C) <2010> Marcus G. Martin
 Code Contributors for 2010: Rene Haber; Andrej Lajovic; Marcus G. Martin; Loukas Peristeras;
 Copyright (C) <2009> Marcus G. Martin
 Code Contributors for 2009: Rene Haber; Marcus G. Martin; Loukas Peristeras;
 Copyright (C) <2008> Marcus G. Martin
 Code Contributors for 2008: Rene Haber; Iyad A. Hijazi; Marcus G. Martin; Loukas Peristeras; Craig Tenney;
 Copyright (C) <2007> Marcus G. Martin
 Code Contributors for 2007: Bernhard Eckl; Frank Heilmann; Jianhui Li; Marcus G. Martin; Craig M. Tenney; Ozgur Yazaydin
 Copyright (C) <2006> Marcus G. Martin
 Code Contributors for 2006: Alan A. Chen; Arben Jusufi; Christian D. Lorenz; Marcus G. Martin; Jeffrey J. Potoff; Vincent K. Shen; Matthew A. Wyczalkowski; Ozgur Yazaydin
 Copyright (C) <2005> Marcus G. Martin
 Code Contributors for 2005: Marcus G. Martin; Alan A. Chen; Christian D. Lorenz; Matthew A. Wyczalkowski
 Copyright (C) <2004> Marcus G. Martin
 Code Contributors for 2004: Marcus G. Martin; Christian D. Lorenz; Peter A. Schultz; Aidan P. Thompson; Jeffrey J. Potoff; Steve R. Lustig; Paul S. Crozier; Nicholas du Preez
 Copyright (C) <2003> Marcus G. Martin
 Code Contributors for 2003: Marcus G. Martin; Christian D. Lorenz; David B. Ritch; Michael L. Greenfield; Yogesh Srivastava; Evangelos A Coutsias
 Copyright (C) <2002> Marcus G. Martin
 Code Contributors for 2002: Marcus G. Martin; Christian D. Lorenz; Aidan P. Thompson; Allen G. Sault
 Copyright (C) <2000-2001> Marcus G. Martin
 Copyright (C) <1999> J. Ilja Siepmann and Marcus G. Martin
 Code Contributors for 1999: J. Ilja Siepmann; Marcus G. Martin; Bin Chen; Collin D. Wick; John Stubbs

 Direct comments about this code to Marcus G. Martin (marcus_martin@users.sourceforge.net)
 See the MCCCS Towhee web site for more information and the users manual.
 http://towhee.sourceforge.net

 We would like to thank the following agencies for providing funding used to develop MCCCS Towhee
 -Department of Energy Industrial Technologies Program (MGM)
 -National Science Foundation (JIS)
 -Department of Energy Computational Science Graduate Fellowship (MGM,CDW)

 This program is free software; you can redistribute it and/or modify
 it under the terms of the GNU General Public License as published by
 the Free Software Foundation; either version 2 of the License, or
 (at your option) any later version.
 This program is distributed in the hope that it will be useful,
 but WITHOUT ANY WARRANTY; without even the implied warranty of
 MERCHANTABILITY or FITNESS FOR A PARTICULAR PURPOSE. See the
 GNU General Public License for more details.

 You should have received a copy of the GNU General Public License
 along with this program; if not, write to the Free Software
 Foundation, Inc., 59 Temple Place, Suite 330, Boston, MA  02111-1307  USA

 Reading from towhee_input file: towhee_input                                                                                                            
 in directory: current directory
 ensemble: npt                           
 temperature:  298.150    
 pressure:  101.325    
 nmolty:            1
 nmolectyp:          301
 numboxes:            2
 stepstyle: cycles  
 nstep:            1
 printfreq:            1
 blocksize:         2000
 moviefreq:       100000
 backupfreq:         1000
 runoutput: full                
Full output of updates and block averages
 pdb_output_freq:       100000
 pressure_virial_freq:           20
 trmaxdispfreq:         1000
 volmaxdispfreq:         1000
 linit:  T
 initboxtype: dimensions          
initstyle Box:    1
 full cbmc           
initstyle Box:    2
 full cbmc           
Box:  1 initlattice: simple cubic        
Box:  2 initlattice: simple cubic        
Box:  1 initmol:       300
Box:  2 initmol:         1
Box:  1 inix,iniy,iniz:         8          8          7
Box:  2 inix,iniy,iniz:         4          4          4
Box idim hmatrix:    1 1   30.00000    0.00000    0.00000
Box idim hmatrix:    1 2    0.00000   30.00000    0.00000
Box idim hmatrix:    1 3    0.00000    0.00000   30.00000
Box idim hmatrix:    2 1   60.00000    0.00000    0.00000
Box idim hmatrix:    2 2    0.00000   60.00000    0.00000
Box idim hmatrix:    2 3    0.00000    0.00000   60.00000
itest:  1 pairbox:  1   2
 pmvol: 0.200000E-02
 pmvlpr: 0.500000      1.00000    
 rmvol: 0.100000    
 tavol: 0.500000    
 pmcell:  0.00000    
 pmcellpr: 0.500000      1.00000    
 rmcell:  1.00000    
 tacell: 0.500000    
 pm2boxrbswap:  0.00000    
 pm2rbswmt:  1.00000    
 pm2rbswpr:  1.00000    
 pm2boxcbswap:  0.00000    
 pm2cbswmt:  1.00000    
 pm2cbswpr:  1.00000    
 pm1boxcbswap:  0.00000    
 pm1cbswmt:  1.00000    
 pmavb1: 0.200000E-01
 pmavb1in: 0.500000    
 pmavb1mt:  1.00000    
moltyp:  1 pmavb1ct: 1.000000
 avb1rad:  8.00000    
 pmavb2:  0.00000    
 pmavb2in: 0.500000    
 pmavb2mt:  1.00000    
moltyp:  1 pmavb2ct: 1.000000
 avb2rad:  8.00000    
 pmavb3:  0.00000    
 pmavb3mt:  1.00000    
moltyp:  1 pmavb3ct: 1.000000
 avb3rad:  8.00000    
 pmcb: 0.330000    
 pmcbmt:  1.00000    
 pmall:  0.00000    
 pmback:  0.00000    
 pmbkmt:  1.00000    
 pmpivot:  0.00000    
 pmpivmt:  1.00000    
 pmconrot:  0.00000    
 pmcrmt:  1.00000    
 pmcrback:  0.00000    
 pmcrbmt:  1.00000    
 pmplane:  0.00000    
 pmplanebox: 0.500000      1.00000    
 planewidth:  3.00000    
 pmrow:  0.00000    
 pmrowbox: 0.500000      1.00000    
 rowwidth:  3.00000    
 pmtraat:  0.00000    
 pmtamt:  1.00000    
 rmtraa: 0.500000    
 tatraa: 0.500000    
 pmtracm: 0.670000    
 pmtcmt:  1.00000    
 rmtrac: 0.500000    
 tatrac: 0.500000    
 pmrotate:  1.00000    
 pmromt:  1.00000    
 rmrot: 0.500000E-01
 tarot: 0.500000    
cbmc_analysis: normal                        
cbmc_formulation: Martin and Frischknecht 2006                                
 Coupled to pre-nonbond formulation from
 M.G. Martin; A.L. Frischknecht; Mol. Phys. 104 2439-2456 (2006)
cbmc_setting_style: Martin and Frischknecht       
default max_bond_length:  3.00
 ffnumber:            1
 ff_filename:
../../../ForceFields/towhee_ff_TraPPE-UA                                                                                
 classical_potential: Lennard-Jones                 
 READCLASSICAL: pot_num:     1 potential name: Lennard-Jones                 
 classical_mixrule: Lorentz-Berthelot             
 lshift:  F
 ltailc:  T
 rmin:  1.00000    
 rcut:  14.0000    
 rcutin:  10.0000    
 electrostatic_form: none                                              
 Setting up force field parameters from files
 opening forcefield file:    1
 Lorentz-Berthelot Mixing rules
 Arithmetic mean of sigma terms
 Geometric mean of epsilon term
 No solvation model used
 input_style: basic connectivity map                            
 nunit:            5
 nmaxcbmc:            5
 lpdbnames:  F
   using the TraPPE-UA  force field
 charge_assignment: bond increment                
   Building the input file for molecule type:     1
unit:    1 name:CH3*(sp3) 
unit:    2 name:CH2**(sp3)
unit:    3 name:CH2**(sp3)
unit:    4 name:CH2**(sp3)
unit:    5 name:CH3*(sp3) 
Charges assigned for Molecule Type:    1
Unit:    1 nbname: CH3*(sp3)  Charge:    0.00000
Unit:    2 nbname: CH2**(sp3) Charge:    0.00000
Unit:    3 nbname: CH2**(sp3) Charge:    0.00000
Unit:    4 nbname: CH2**(sp3) Charge:    0.00000
Unit:    5 nbname: CH3*(sp3)  Charge:    0.00000
Total charge for Molecule Type:    1 is:    0.00000
 Verifying input structures are consistent
Determining cyclic subunits for molecule type          1
Default total charge on molecule   1 is   0.00000
Total charge in the simulation system:   0.00000
Bond Types
Type:      1 Style: Fixed  Length: 1.5400
Angle Types
Type:   1 Style: Standard Harmonic  Angle:    114.000 Constant:    31250.0
Torsion Types
Type:   1 Style: Old UA OPLS Cosine Series
          k0:       0.0 k1:     355.0 k2:     -68.2 k3:     791.3
          with 1-4 vdw and scaled (0.500) 1-4 coulomb
Improper Torsion Types
   No Improper Types
Energies exclusively from internal potentials
Nonbonded Force Field
Lennard-Jones 12-6 potential
    with tail corrections
u(r) = 4*epsilon[(sigma/r)^12 - (sigma/r)^6] - shift
Num. Atom(i)    Num. Atom(j)         sigma    epsilon      shift     1-4sig     1-4eps
   3 CH3*(sp3)     3 CH3*(sp3)      3.7500    98.0000     0.0000     0.0000     0.0000
   3 CH3*(sp3)     4 CH2**(sp3)     3.8500    67.1416     0.0000     0.0000     0.0000
   4 CH2**(sp3)    4 CH2**(sp3)     3.9500    46.0000     0.0000     0.0000     0.0000
Determining Arbitrary Trial Distribution Parameters: see towhee_cbmc for full details
 Isobaric-isothermal Gibbs ensemble
 3-dimensional periodic box
 Additional Center-of-Mass cutoff
 Dual Cutoff Configurational-bias Monte Carlo
 Coupled-decoupled Configurational-bias MC
 No electrostatic interations

Molecular mass for molecule type     1 is    72.1498 g/mol
 Calling initconf
Selected random number generator DX-1597-2-7 and single integer seed    1302002
Testing random number generator using the single integer seed
    0.812479  0.687663  0.080298  0.200888  0.516914
10 million RNG sum (approximately 5 million):   4999978.2264809748
Box idim hinverse:    1 1    0.03333    0.00000    0.00000
Box idim hinverse:    1 2    0.00000    0.03333    0.00000
Box idim hinverse:    1 3    0.00000    0.00000    0.03333
Box idim hinverse:    2 1    0.01667    0.00000    0.00000
Box idim hinverse:    2 2    0.00000    0.01667    0.00000
Box idim hinverse:    2 3    0.00000    0.00000    0.01667
INITCONF: building template for molecule type:    1
Initial Structure Growth Trial:    1

Number of MC cycles:                    1
Number of molecules:                  301
Temperature [K]:       298.15000
External pressure [kPa]:       101.32500

Initial Energies for Box     1
Total molecules in this box        300
Molecules of type   1 :        300
 Total vibration (atoms ij bonded together)                     0.000 [K]         0.00000 [kcal/mol]
  bond (ij) regular                                             0.000 [K]         0.00000 [kcal/mol]
  bond (ij) van der waals                                       0.000 [K]         0.00000 [kcal/mol]
  bond (ij) Electric                                            0.000 [K]         0.00000 [kcal/mol]
  bond-bond (ij-jk)                                             0.000 [K]         0.00000 [kcal/mol]
 Total angle (atoms ijk bonded in sequence)                 33154.848 [K]        65.88584 [kcal/mol]
  angle (ijk) regular                                       33154.848 [K]        65.88584 [kcal/mol]
  bond-angle (ij-ijk)                                           0.000 [K]         0.00000 [kcal/mol]
  angle (ik) van der waals                                      0.000 [K]         0.00000 [kcal/mol]
  angle (ik) Electric                                           0.000 [K]         0.00000 [kcal/mol]
  angle-angle (ijk-ijm)                                         0.000 [K]         0.00000 [kcal/mol]
 Total torsion (ijkl bonded in sequence)                   173376.207 [K]       344.53595 [kcal/mol]
  torsion (ijkl) regular                                   173376.207 [K]       344.53595 [kcal/mol]
  torsion (ij-kl) bond-bond                                     0.000 [K]         0.00000 [kcal/mol]
  torsion (ij-ijkl) bond-torsion                                0.000 [K]         0.00000 [kcal/mol]
  torsion (ijk-ijkl) angle-torsion                              0.000 [K]         0.00000 [kcal/mol]
  torsion (ijk-jkl-ijkl) angle-angle-torsion                    0.000 [K]         0.00000 [kcal/mol]
  torsion (i-l) one-four van der waals                          0.000 [K]         0.00000 [kcal/mol]
  torsion (i-l) one-four Electric                               0.000 [K]         0.00000 [kcal/mol]
 Total improper (ijkm, i,k,m bonded to j)                       0.000 [K]         0.00000 [kcal/mol]
 Total nonbond (more than 3 bonds apart) vdw           8185431940.396 [K]  16266220.03407 [kcal/mol]
  intramolecular                                           -25161.522 [K]       -50.00138 [kcal/mol]
  2-body vdw intermolecular                            8185510893.219 [K]  16266376.93037 [kcal/mol]
  3-body vdw intermolecular                                     0.000 [K]         0.00000 [kcal/mol]
  tail correction                                          -53791.301 [K]      -106.89492 [kcal/mol]
 Total external field                                           0.000 [K]         0.00000 [kcal/mol]
 Total solvation                                                0.000 [K]         0.00000 [kcal/mol]
Total classical                                        8185638471.451 [K]  16266630.45585 [kcal/mol]
 Aggregate van der waals (bond and nonbond)            8185431940.396 [K]  16266220.03407 [kcal/mol]
 Aggregate Electric (bond and nonbond)                          0.000 [K]         0.00000 [kcal/mol]
Initial Energies for Box     2
Total molecules in this box          1
Molecules of type   1 :          1
 Total vibration (atoms ij bonded together)                     0.000 [K]         0.00000 [kcal/mol]
  bond (ij) regular                                             0.000 [K]         0.00000 [kcal/mol]
  bond (ij) van der waals                                       0.000 [K]         0.00000 [kcal/mol]
  bond (ij) Electric                                            0.000 [K]         0.00000 [kcal/mol]
  bond-bond (ij-jk)                                             0.000 [K]         0.00000 [kcal/mol]
 Total angle (atoms ijk bonded in sequence)                   110.516 [K]         0.21962 [kcal/mol]
  angle (ijk) regular                                         110.516 [K]         0.21962 [kcal/mol]
  bond-angle (ij-ijk)                                           0.000 [K]         0.00000 [kcal/mol]
  angle (ik) van der waals                                      0.000 [K]         0.00000 [kcal/mol]
  angle (ik) Electric                                           0.000 [K]         0.00000 [kcal/mol]
  angle-angle (ijk-ijm)                                         0.000 [K]         0.00000 [kcal/mol]
 Total torsion (ijkl bonded in sequence)                      577.921 [K]         1.14845 [kcal/mol]
  torsion (ijkl) regular                                      577.921 [K]         1.14845 [kcal/mol]
  torsion (ij-kl) bond-bond                                     0.000 [K]         0.00000 [kcal/mol]
  torsion (ij-ijkl) bond-torsion                                0.000 [K]         0.00000 [kcal/mol]
  torsion (ijk-ijkl) angle-torsion                              0.000 [K]         0.00000 [kcal/mol]
  torsion (ijk-jkl-ijkl) angle-angle-torsion                    0.000 [K]         0.00000 [kcal/mol]
  torsion (i-l) one-four van der waals                          0.000 [K]         0.00000 [kcal/mol]
  torsion (i-l) one-four Electric                               0.000 [K]         0.00000 [kcal/mol]
 Total improper (ijkm, i,k,m bonded to j)                       0.000 [K]         0.00000 [kcal/mol]
 Total nonbond (more than 3 bonds apart) vdw                  -83.946 [K]        -0.16682 [kcal/mol]
  intramolecular                                              -83.872 [K]        -0.16667 [kcal/mol]
  2-body vdw intermolecular                                     0.000 [K]         0.00000 [kcal/mol]
  3-body vdw intermolecular                                     0.000 [K]         0.00000 [kcal/mol]
  tail correction                                              -0.075 [K]        -0.00015 [kcal/mol]
 Total external field                                           0.000 [K]         0.00000 [kcal/mol]
 Total solvation                                                0.000 [K]         0.00000 [kcal/mol]
Total classical                                               604.490 [K]         1.20125 [kcal/mol]
 Aggregate van der waals (bond and nonbond)                   -83.946 [K]        -0.16682 [kcal/mol]
 Aggregate Electric (bond and nonbond)                          0.000 [K]         0.00000 [kcal/mol]
 initial virial pressure in box  1 = 37160023577.26
 initial virial pressure in box  2 =          19.05

 +++++ start of markov chain +++++

Cycle      Box   Energy [K]  Volume [A^3] Press. [kPa] Molecules
         1 B: 1  0.6572E+10  0.2700E+05 ************   300
           B: 2  0.6045E+03  0.2160E+06         19.0     1

 +++++ end of markov chain +++++

 Final hmatrix (general box dimensions) 
Box:     1
  hmatrix(1,x)      30.00000       0.00000       0.00000
  hmatrix(2,x)       0.00000      30.00000       0.00000
  hmatrix(3,x)       0.00000       0.00000      30.00000
Box:     2
  hmatrix(1,x)      60.00000       0.00000       0.00000
  hmatrix(2,x)       0.00000      60.00000       0.00000
  hmatrix(3,x)       0.00000       0.00000      60.00000

* Aggregation-Volume-Bias-1 Moves *
 Box Moved Around From To  Attempted  Accepted  Percent
   1     1      1  out  in         1         1   100.00
   1     1      1  out out         4         4   100.00
 Box Moved Around From To  Attempted  Accepted  Percent
   2     1      1 Eligable pair not found         3 times.

* Configurational-Bias REGROWTH Moves *
 Molecule type:    1 Box:    1
     Length  Attempts  Regrown  Accepted  %Regrown   %Accep.
        1        13        13         6    100.00     46.15
        2        21        21        13    100.00     61.90
        3        23        23         5    100.00     21.74
        4        33        33        17    100.00     51.52

* COM Translation Moves *
Molecule:  1 Box: 1 Attempts:            111. Accepted:             34. Accepted:  30.631 %

* Rotation Moves *
Molecule:  1 Box: 1 Attempts:             92. Accepted:             42. Accepted:  45.652 %

Final Energies for Box     1
Total molecules in this box        300
Molecules of type   1 :        300
 Total vibration (atoms ij bonded together)                     0.000 [K]         0.00000 [kcal/mol]
  bond (ij) regular                                             0.000 [K]         0.00000 [kcal/mol]
  bond (ij) van der waals                                       0.000 [K]         0.00000 [kcal/mol]
  bond (ij) Electric                                            0.000 [K]         0.00000 [kcal/mol]
  bond-bond (ij-jk)                                             0.000 [K]         0.00000 [kcal/mol]
 Total angle (atoms ijk bonded in sequence)                 44193.153 [K]        87.82133 [kcal/mol]
  angle (ijk) regular                                       44193.153 [K]        87.82133 [kcal/mol]
  bond-angle (ij-ijk)                                           0.000 [K]         0.00000 [kcal/mol]
  angle (ik) van der waals                                      0.000 [K]         0.00000 [kcal/mol]
  angle (ik) Electric                                           0.000 [K]         0.00000 [kcal/mol]
  angle-angle (ijk-ijm)                                         0.000 [K]         0.00000 [kcal/mol]
 Total torsion (ijkl bonded in sequence)                   185420.628 [K]       368.47081 [kcal/mol]
  torsion (ijkl) regular                                   185420.628 [K]       368.47081 [kcal/mol]
  torsion (ij-kl) bond-bond                                     0.000 [K]         0.00000 [kcal/mol]
  torsion (ij-ijkl) bond-torsion                                0.000 [K]         0.00000 [kcal/mol]
  torsion (ijk-ijkl) angle-torsion                              0.000 [K]         0.00000 [kcal/mol]
  torsion (ijk-jkl-ijkl) angle-angle-torsion                    0.000 [K]         0.00000 [kcal/mol]
  torsion (i-l) one-four van der waals                          0.000 [K]         0.00000 [kcal/mol]
  torsion (i-l) one-four Electric                               0.000 [K]         0.00000 [kcal/mol]
 Total improper (ijkm, i,k,m bonded to j)                       0.000 [K]         0.00000 [kcal/mol]
 Total nonbond (more than 3 bonds apart) vdw           6571744750.057 [K]  13059475.28372 [kcal/mol]
  intramolecular                                           -24566.231 [K]       -48.81840 [kcal/mol]
  2-body vdw intermolecular                            6571823107.588 [K]  13059630.99705 [kcal/mol]
  3-body vdw intermolecular                                     0.000 [K]         0.00000 [kcal/mol]
  tail correction                                          -53791.301 [K]      -106.89492 [kcal/mol]
 Total external field                                           0.000 [K]         0.00000 [kcal/mol]
 Total solvation                                                0.000 [K]         0.00000 [kcal/mol]
Total classical                                        6571974363.838 [K]  13059931.57586 [kcal/mol]
 Aggregate van der waals (bond and nonbond)            6571744750.057 [K]  13059475.28372 [kcal/mol]
 Aggregate Electric (bond and nonbond)                          0.000 [K]         0.00000 [kcal/mol]
Final Energies for Box     2
Total molecules in this box          1
Molecules of type   1 :          1
 Total vibration (atoms ij bonded together)                     0.000 [K]         0.00000 [kcal/mol]
  bond (ij) regular                                             0.000 [K]         0.00000 [kcal/mol]
  bond (ij) van der waals                                       0.000 [K]         0.00000 [kcal/mol]
  bond (ij) Electric                                            0.000 [K]         0.00000 [kcal/mol]
  bond-bond (ij-jk)                                             0.000 [K]         0.00000 [kcal/mol]
 Total angle (atoms ijk bonded in sequence)                   110.516 [K]         0.21962 [kcal/mol]
  angle (ijk) regular                                         110.516 [K]         0.21962 [kcal/mol]
  bond-angle (ij-ijk)                                           0.000 [K]         0.00000 [kcal/mol]
  angle (ik) van der waals                                      0.000 [K]         0.00000 [kcal/mol]
  angle (ik) Electric                                           0.000 [K]         0.00000 [kcal/mol]
  angle-angle (ijk-ijm)                                         0.000 [K]         0.00000 [kcal/mol]
 Total torsion (ijkl bonded in sequence)                      577.921 [K]         1.14845 [kcal/mol]
  torsion (ijkl) regular                                      577.921 [K]         1.14845 [kcal/mol]
  torsion (ij-kl) bond-bond                                     0.000 [K]         0.00000 [kcal/mol]
  torsion (ij-ijkl) bond-torsion                                0.000 [K]         0.00000 [kcal/mol]
  torsion (ijk-ijkl) angle-torsion                              0.000 [K]         0.00000 [kcal/mol]
  torsion (ijk-jkl-ijkl) angle-angle-torsion                    0.000 [K]         0.00000 [kcal/mol]
  torsion (i-l) one-four van der waals                          0.000 [K]         0.00000 [kcal/mol]
  torsion (i-l) one-four Electric                               0.000 [K]         0.00000 [kcal/mol]
 Total improper (ijkm, i,k,m bonded to j)                       0.000 [K]         0.00000 [kcal/mol]
 Total nonbond (more than 3 bonds apart) vdw                  -83.946 [K]        -0.16682 [kcal/mol]
  intramolecular                                              -83.872 [K]        -0.16667 [kcal/mol]
  2-body vdw intermolecular                                     0.000 [K]         0.00000 [kcal/mol]
  3-body vdw intermolecular                                     0.000 [K]         0.00000 [kcal/mol]
  tail correction                                              -0.075 [K]        -0.00015 [kcal/mol]
 Total external field                                           0.000 [K]         0.00000 [kcal/mol]
 Total solvation                                                0.000 [K]         0.00000 [kcal/mol]
Total classical                                               604.490 [K]         1.20125 [kcal/mol]
 Aggregate van der waals (bond and nonbond)                   -83.946 [K]        -0.16682 [kcal/mol]
 Aggregate Electric (bond and nonbond)                          0.000 [K]         0.00000 [kcal/mol]
Averages               Units Type       Box  1      Box  2
 Volume                 nm^3       0.27000E+02 0.21600E+03
 Volume^2               nm^6       0.72900E+03 0.46656E+05
 Molecule Number                1      300.000       1.000
 Molar Volume         ml/mol       0.54198E+02 0.13008E+06
 Specific Density       g/ml        1.33121630  0.00055467
 Number Density         nm-3    1     11.11111     0.00463
 Mole Fraction                  1    1.0000000   1.0000000
 Radius of Gyration        A    1    1.7563268   1.7505070
 Ideal Pressure          kPa       0.45752E+05 0.19063E+02
 Ideal p_i <N/V>kT       kPa    1  0.45752E+05 0.19063E+02
 Total Classical           K        0.7422E+10  0.6045E+03
 Inter vdw                 K        0.7422E+10 -0.7471E-01
 Angle                     K        0.3779E+05  0.1105E+03
 Torsion                   K        0.1773E+06  0.5779E+03
 Intra vdw                 K       -0.2486E+05 -0.8387E+02
 External Field            K        0.0000E+00  0.0000E+00
 Vibration                 K        0.0000E+00  0.0000E+00
 Coulomb                   K        0.0000E+00  0.0000E+00
 Tail vdw                  K       -0.5379E+05 -0.7471E-01
 Solvation                 K        0.0000E+00  0.0000E+00
 G: Sum{<u_i><N_i>}   kJ/mol        0.0000E+00  0.0000E+00
 U                    kJ/mol        0.6170E+08  0.5026E+01
 H_vap (pV/n=RT)      kJ/mol       -0.2057E+06
 H_vap (thermo p)     kJ/mol       -0.2057E+06
Please see towhee_citations for a list of suggested citations for this simulation
